<?xml version="1.0" encoding="UTF-8"?>
<testsuite name="org.orbit.core.nodes.NodeTests" tests="5" skipped="0" failures="0" errors="0" timestamp="2020-03-08T05:22:44" hostname="Davies-MBP" time="0.05">
  <properties/>
  <testcase name="getAnnotation()" classname="org.orbit.core.nodes.NodeTests" time="0.04"/>
  <testcase name="getAnnotationWrongType()" classname="org.orbit.core.nodes.NodeTests" time="0.003"/>
  <testcase name="annotateUniqueKeyed()" classname="org.orbit.core.nodes.NodeTests" time="0.002"/>
  <testcase name="annotateUnique()" classname="org.orbit.core.nodes.NodeTests" time="0.002"/>
  <testcase name="annotateNonUnique()" classname="org.orbit.core.nodes.NodeTests" time="0.001"/>
  <system-out><![CDATA[]]></system-out>
  <system-err><![CDATA[]]></system-err>
</testsuite>
