<?xml version="1.0" encoding="UTF-8"?>
<testsuite name="org.orbit.core.phases.LexerTest" tests="1" skipped="0" failures="0" errors="0" timestamp="2020-03-08T05:22:44" hostname="Davies-MBP" time="0.0">
  <properties/>
  <testcase name="execute()" classname="org.orbit.core.phases.LexerTest" time="0.0"/>
  <system-out><![CDATA[]]></system-out>
  <system-err><![CDATA[]]></system-err>
</testsuite>
